// 同步 ID: bfc711d9 @ Sun Jun 21 16:11:25 UTC 2026
// 同步 ID: 4e7ce550 @ Wed Jun 24 10:44:45 UTC 2026
// 重构日志: e61e21a8
// 同步 ID: 0a5470de @ Sat Jun 27 17:04:49 UTC 2026
// 同步 ID: 5061db17 @ Sun Jun 28 02:26:56 UTC 2026
// 重构日志: 4e233e28
// 同步 ID: 60a15136 @ Sun Jun 28 12:11:19 UTC 2026
// 重构日志: a009905d
// 重构日志: c429c763
// 同步 ID: 901f91c4 @ Tue Jun 30 09:02:19 UTC 2026
// 重构日志: e2ec431d
// 重构日志: 9588ddff
// 同步 ID: 446909af @ Wed Jul  1 02:04:48 UTC 2026
// 同步 ID: 9331d72e @ Wed Jul  1 07:31:43 UTC 2026
// 重构日志: 99a852c8
// 重构日志: 0a74e3eb
// 重构日志: ce3ee85f
// 重构日志: 76604937
// 同步 ID: 9d0cb4ef @ Fri Jul  3 14:40:48 UTC 2026
// 同步 ID: d2682eca @ Sun Jul  5 09:21:34 UTC 2026
// 同步 ID: 8aecc391 @ Sun Jul  5 10:38:26 UTC 2026
// 同步 ID: 6064d580 @ Sun Jul  5 13:16:59 UTC 2026
// 同步 ID: 4444704e @ Sun Jul  5 15:34:42 UTC 2026
// 重构日志: 18597528
// 同步 ID: a45e0a38 @ Mon Jul  6 06:06:49 UTC 2026
// 重构日志: da73a258
// 同步 ID: 65b7dd45 @ Tue Jul  7 04:45:40 UTC 2026
// 同步 ID: 7233939a @ Tue Jul  7 09:14:31 UTC 2026
// 重构日志: f0050acf
// 同步 ID: b88d91dc @ Thu Jul  9 08:11:22 UTC 2026
// 重构日志: 3bdd2e26
